cscope 15 $HOME/QC_CODE               0000011045
	@command.txt

1 1 
	gifc⁄fig


2 2 
sudo
 
	g≠t
-
gë
 
ö°Æl
 
	gs˝


3 3 
sudo
 
	g≠t
-
gë
 
ö°Æl
 
	gssh


4 4 
	gls


5 5 
sudo
 
	g≠t
-
gë
 
ö°Æl
 
	ggô
-
c‹e
 
gnupg
 
Êex
 
bis⁄
 
g≥rf
 
	gbuûd
-
es£¡ül
 
zù
 
cuæ
 
	gzlib1g
-
dev
 
	ggcc
-
mu…ûib
 
	gg
++-mu…ûib 
	glibc6
-
	gdev
-
i386
 
	glib32ncur£s5
-dev 
	gx11¥Ÿo
-
	gc‹e
-dev 
	glibx11
-dev 
	glib32z
-dev 
cˇche
 
	glibgl1
-
	gmeß
-dev 
	glibxml2
-
utûs
 
x¶çroc
 
	gunzù


6 6 
cd
 
	gQC_CODE
/

7 7 
	gls


8 8 
sudo
 
	g≠t
-
gë
 
ö°Æl
 
	gso·w¨e
-
	g¥›îtõs
-
	gcomm⁄pyth⁄
-software-properties

9 9 
sudo
 
	g≠t
-
gë
 
ö°Æl
 
	gso·w¨e
-
	g¥›îtõs
-
	gcomm⁄


10 10 
sudo
 
	g≠t
-
gë
 
ö°Æl
 
	gpyth⁄
-
	gso·w¨e
-
	g¥›îtõs


11 11 
sudo
 
	gadd
-
	g≠t
-
ªposô‹y
 
	gµa
:
›íjdk
-
r
/
µa


12 12 
sudo
 
≠t
-
gë
 
upd©e


13 13 
sudo
 
≠t
-
gë
 
ö°Æl
 
›íjdk
-7-
jdk


14 14 
cd
 /
u§
/
lib
/
jvm
/
java
-7-
›íjdk
-
amd64
/
bö
/

15 15 
ls


16 16 
cd


17 17 
cd
 
QC_CODE
/

18 18 
ls
\

19 19 
ls


20 20 
cd
 /
u§
/
lib
/
jvm
/
java
-7-
›íjdk
-
amd64
/
bö


21 21 
ls


22 22 
cd


23 23 
cd
 
QC_CODE
/

24 24 
ls


25 25 
sudo
 
add
-
≠t
-
ªposô‹y
 
µa
:
gô
-
c‹e
/ppa

26 26 
sudo
 
≠t
-
gë
 
upd©e


27 27 
sudo
 
≠t
-
gë
 
ö°Æl
 
gô


28 28 
sudo
 
≠t
-
gë
 
ö°Æl
 
libxml
-
∑r£r
-
≥æ


29 29 
sudo
 
dpkg
-
ªc⁄figuª
 
dash


30 30 
sudo
 
≠t
-
gë
 
purge
 
ˇ
-
˚πifiˇãs
 
cuæ
 
›íssh
-
£rvî


31 31 
sudo
 
≠t
-
gë
 
purge


32 32 
sudo
 
≠t
-
gë
 
ˇ
-
˚πifiˇãs


33 33 
sudo
 
≠t
-
gë
 
purge
 
ˇ
-
˚πifiˇãs
 
cuæ
 
›íssh
-
£rvî


34 34 
sudo
 
≠t
-
gë
 
cuæ
 
›íssh
-
£rvî


36 36 
sudo
 
≠t
-
gë
 
ö°Æl
 
cuæ
 
›íssh
-
£rvî


37 37 
sudo
 
≠t
-
gë
 
ö°Æl
 
ˇ
-
˚πifiˇãs


38 38 
sudo
 
≠t
-
gë
 
ö°Æl
 
purge
 
ˇ
-
˚πifiˇãs
 
cuæ
 
›íssh
-
£rvî


39 39 
sudo
 
≠t
-
gë
 
ö°Æl
 
purge


40 40 
sudo
 
≠t
-
gë
 
purge


41 41 
sudo
 
≠t
-
gë
 
purge
 
ˇ
-
˚πifiˇãs
 
cuæ
 
›íssh
-
£rvî


42 42 
sudo
 
≠t
-
gë
 -
jª
-
hódÀss


43 43 
sudo
 
≠t
-
gë
 
ö°Æl
 -
jª
-
hódÀss


44 44 
sudo
 
≠t
-
gë
 
ö°Æl
 
›íjdk
-7-
jª


45 45 
sudo
 
≠t
-
gë
 
ö°Æl
 
mñd


46 46 
sudo
 
≠t
-
gë
 
ö°Æl
 
cuæ


47 47 
sudo
 
≠t
-
gë
 
ö°Æl
 
x∑d


48 48 
sudo
 
≠t
-
gë
 
ö°Æl
 
uƒ¨


49 49 
pyth⁄
 -
V


50 50 
sudo
 
≠t
-
gë
 
ö°Æl
 
pyth⁄


51 51 
pyth⁄
 --
v


52 52 
pyth⁄
 -
v


54 54 
sudo
 
≠t
-
gë
 
ö°Æl
 
pyth⁄
 2.7.12

55 55 
sudo
 
≠t
-
gë
 
ö°Æl
 
pyth⁄_2
.7.12

56 56 
pyth⁄
 -
V


57 57 
gô
 
˛⁄e
 
hâp
:

58 58 
cd
 
quÆtoﬁs
/

59 59 ./
quÆtoﬁs
.
sh


60 60 
cd
 ../
vt3n
/
LINUX
/
™droid
/

61 61 
sour˚
 
buûd
/
ív£tup
.
sh


62 62 
lunch


63 63 
make
 -
j8


64 64 
cd


65 65 
cd
 
QC_CODE
/

66 66 
ls


67 67 
cd
 
quÆtoﬁs
/

68 68 
ls


69 69 
chmod
 +
x
 
quÆtoﬁs
.
sh


70 70 /
quÆtoﬁs
.
sh


71 71 ./
quÆtoﬁs
.
sh


72 72 
cd
 ../

73 73 
cd
 
vt3n
/
LINUX
/
™droid
/

74 74 
ls


75 75 
sour˚
 
buûd
/
ív£tup
.
sh


76 76 
lunch


77 77 
make
 -
j8


78 78 
sudo
 
≠t
-
gë
 
purge
 
ˇ
-
˚πifiˇãs
 
cuæ
 
›íssh
-
£rvî


79 79 
sudo
 
≠t
-
gë
 
ö°Æl
 
ˇ
-
˚πifiˇãs
 
cuæ
 
›íssh
-
£rvî


80 80 
cd
 ../

81 81 
ls


82 82 
cd
 
™droid
/

83 83 
ls


84 84 
lunch


85 85 
make
 -
j8


86 86 
make
 -
j8
 > 
log
.
txt


87 87 
ls


88 88 
vim
 
log
.
txt


89 89 
sudo
 
≠t
-
gë
 
ö°Æl
 
vim


90 90 
vim
 
log
.
txt


91 91 
sudo
 
≠t
-
gë
 
ö°Æl
 
vim


92 92 
make
 -
j8
 > 
log
.
txt


93 93 
vim
 
log
.
txt


94 94 
sudo
 
≠t
-
gë
 
ö°Æl
 
libbz2
-
dev


95 95 
make
 -
j8


96 96 
pyth⁄
 -
V


97 97 /
u§
/
bö
/
pyth⁄
 -
c
 "import bz2;Örint bz2.__doc__"

98 98 
echo
 
$PATH


99 99 
make
 -
j8


100 100 
ls


101 101 
make
 -
j8


102 102 
sour˚
 
buûd
/
ív£tup
.
sh


103 103 
lunch


104 104 
make
 -
j8


105 105 
LS


106 106 
ls


107 107 
cd
 
buûd
/

108 108 
ls


109 109 
cd
 ../

110 110 
ls


111 111 
cd
 
out
/

112 112 
ls


113 113 
cd
 
èrgë
/

114 114 
ls


115 115 
cd
 
¥odu˘
/

116 116 
ls


117 117 
cd
 
msm8909_512
/

118 118 
ls


119 119 
ifc⁄fig


120 120 
ls
 
ødio
.
img


121 121 
ls


122 122 
cd
 ../../../

123 123 
ls


124 124 
cd
 ../../

125 125 
cd
 ../

126 126 
ls


127 127 
cd
 
LINUX
/
™droid
/

128 128 
ls


129 129 
cd
 
out
/

130 130 
ls


131 131 
cd
 
èrgë
/

132 132 
ls


133 133 
cd
 
¥odu˘
/

134 134 
ls


135 135 
cd
 
msm8909_512
/

136 136 
ls


137 137 
cd
 ../../../

138 138 
ls


139 139 
cd
 ../

140 140 
gªp
 -
r
 ".zip"

141 141 
ls


142 142 
cd
 ../../

143 143 
ls


144 144 
vim
 
∑ck_Æl_sign
.
sh


145 145 
ls


146 146 
cd
 ../

147 147 
ls


148 148 
ssh
 
£ssôø
@192.168.2.169

149 149 
hi°‹y


150 150 
hi°‹y
 >> 
comm™d
.
txt


	@cscope.out

1 
	gcsc›e
 15 
	g$HOME
/
	gQC_CODE
 0000004802

2 @
	gcomm™d
.
	gtxt


5 
	ggifc
⁄
	gfig


9 
sudo


11 
	gg
≠
	gt


13 
	gg
ë

15 ö°Æ
l


17 
	ggs
˝

21 
sudo


23 
	gg
≠
	gt


25 
	gg
ë

27 ö°Æ
l


29 
	ggssh


33 
	ggls


37 
sudo


39 
	gg
≠
	gt


41 
	gg
ë

43 ö°Æ
l


45 
	ggg
ô

47 
	gc
‹
e


49 
	ggnupg


51 Ê
ex


53 
	gbis
⁄

55 
	gg
≥
rf


57 
	ggbu
û
	gd


59 
	ges
£¡ü
l


61 
	gz
ù

63 
	gcu
æ

65 
	ggzlib1g


67 
dev


69 
	gggcc


71 
	gmu
…û
ib


73 
	ggg


74 ++-
	gmu
…û
ib


75 
	gglibc6


77 
	ggdev


79 
i386


81 
	gglib32ncur
£
	gs5


82 -
dev


83 
	ggx11
¥Ÿ
	go


85 
	ggc
‹
	ge


86 -
dev


87 
	gglibx11


88 -
dev


89 
	gglib32z


90 -
dev


91 
	gc
ˇ
che


93 
	gglibgl1


95 
	ggme
ß

96 -
dev


97 
	gglibxml2


99 
	gut
û
s


101 
	gx
¶ç
roc


103 
	ggunz
ù

107 
cd


109 
	ggQC_CODE


113 
	ggls


117 
sudo


119 
	gg
≠
	gt


121 
	gg
ë

123 ö°Æ
l


125 
	ggso
·
	gw
¨
	ge


127 
	gg
¥›î
	gt
õ
	gs


129 
	ggcomm
⁄
	gpyth
⁄

130 -
	gso·w¨e
-
	g¥›îtõs


133 
sudo


135 
	gg
≠
	gt


137 
	gg
ë

139 ö°Æ
l


141 
	ggso
·
	gw
¨
	ge


143 
	gg
¥›î
	gt
õ
	gs


145 
	ggcomm
⁄

149 
sudo


151 
	gg
≠
	gt


153 
	gg
ë

155 ö°Æ
l


157 
	ggpyth
⁄

159 
	ggso
·
	gw
¨
	ge


161 
	gg
¥›î
	gt
õ
	gs


165 
sudo


167 
	ggadd


169 
	gg
≠
	gt


171 ª
	gpos
ô‹
y


173 
	gg
µ
	ga


175 ›í
jdk


177 
r


179 µ
a


183 
sudo


185 ≠
t


187 
g
ë

189 
upd
©
e


193 
sudo


195 ≠
t


197 
g
ë

199 ö°Æ
l


201 ›í
jdk


203 
jdk


207 
cd


209 
u
§

211 
lib


213 
jvm


215 
java


217 ›í
jdk


219 
amd64


221 
b
ö

225 
ls


229 
cd


233 
cd


235 
QC_CODE


239 
ls


243 
ls


247 
cd


249 
u
§

251 
lib


253 
jvm


255 
java


257 ›í
jdk


259 
amd64


261 
b
ö

265 
ls


269 
cd


273 
cd


275 
QC_CODE


279 
ls


283 
sudo


285 
add


287 ≠
t


289 ª
pos
ô‹
y


291 µ
a


293 
g
ô

295 
c
‹
e


296 /
µa


299 
sudo


301 ≠
t


303 
g
ë

305 
upd
©
e


309 
sudo


311 ≠
t


313 
g
ë

315 ö°Æ
l


317 
g
ô

321 
sudo


323 ≠
t


325 
g
ë

327 ö°Æ
l


329 
libxml


331 ∑
r
£r

337 
sudo


339 
dpkg


341 ª
c
⁄
figu
ª

343 
dash


347 
sudo


349 ≠
t


351 
g
ë

353 
purge


357 ˚π
ifi
ˇã
s


359 
cu
æ

361 ›í
ssh


363 £
rv
î

367 
sudo


369 ≠
t


371 
g
ë

373 
purge


377 
sudo


379 ≠
t


381 
g
ë

385 ˚π
ifi
ˇã
s


389 
sudo


391 ≠
t


393 
g
ë

395 
purge


399 ˚π
ifi
ˇã
s


401 
cu
æ

403 ›í
ssh


405 £
rv
î

409 
sudo


411 ≠
t


413 
g
ë

415 
cu
æ

417 ›í
ssh


419 £
rv
î

423 
sudo


425 ≠
t


427 
g
ë

429 ö°Æ
l


431 
cu
æ

433 ›í
ssh


435 £
rv
î

439 
sudo


441 ≠
t


443 
g
ë

445 ö°Æ
l


449 ˚π
ifi
ˇã
s


453 
sudo


455 ≠
t


457 
g
ë

459 ö°Æ
l


461 
purge


465 ˚π
ifi
ˇã
s


467 
cu
æ

469 ›í
ssh


471 £
rv
î

475 
sudo


477 ≠
t


479 
g
ë

481 ö°Æ
l


483 
purge


487 
sudo


489 ≠
t


491 
g
ë

493 
purge


497 
sudo


499 ≠
t


501 
g
ë

503 
purge


507 ˚π
ifi
ˇã
s


509 
cu
æ

511 ›í
ssh


513 £
rv
î

517 
sudo


519 ≠
t


521 
g
ë

523 
j
ª

525 
h
ó
d
À
ss


529 
sudo


531 ≠
t


533 
g
ë

535 ö°Æ
l


537 
j
ª

539 
h
ó
d
À
ss


543 
sudo


545 ≠
t


547 
g
ë

549 ö°Æ
l


551 ›í
jdk


553 
j
ª

557 
sudo


559 ≠
t


561 
g
ë

563 ö°Æ
l


565 
m
ñ
d


569 
sudo


571 ≠
t


573 
g
ë

575 ö°Æ
l


577 
cu
æ

581 
sudo


583 ≠
t


585 
g
ë

587 ö°Æ
l


589 
x
∑
d


593 
sudo


595 ≠
t


597 
g
ë

599 ö°Æ
l


601 
u
ƒ¨

605 
pyth
⁄

607 
V


611 
sudo


613 ≠
t


615 
g
ë

617 ö°Æ
l


619 
pyth
⁄

623 
pyth
⁄

625 
v


629 
pyth
⁄

631 
v


635 
sudo


637 ≠
t


639 
g
ë

641 ö°Æ
l


643 
pyth
⁄

647 
sudo


649 ≠
t


651 
g
ë

653 ö°Æ
l


655 
pyth
⁄
_2


659 
pyth
⁄

661 
V


665 
g
ô

667 ˛⁄
e


669 
h
â
p


673 
cd


675 
qu
Æ
to
ﬁ
s


679 
qu
Æ
to
ﬁ
s


681 
sh


685 
cd


687 
vt3n


689 
LINUX


691 ™
droid


695 
sour
˚

697 
bu
û
d


699 í
v
£
tup


701 
sh


705 
lunch


709 
make


711 
j8


715 
cd


719 
cd


721 
QC_CODE


725 
ls


729 
cd


731 
qu
Æ
to
ﬁ
s


735 
ls


739 
chmod


741 
x


743 
qu
Æ
to
ﬁ
s


745 
sh


749 
qu
Æ
to
ﬁ
s


751 
sh


755 
qu
Æ
to
ﬁ
s


757 
sh


761 
cd


765 
cd


767 
vt3n


769 
LINUX


771 ™
droid


775 
ls


779 
sour
˚

781 
bu
û
d


783 í
v
£
tup


785 
sh


789 
lunch


793 
make


795 
j8


799 
sudo


801 ≠
t


803 
g
ë

805 
purge


809 ˚π
ifi
ˇã
s


811 
cu
æ

813 ›í
ssh


815 £
rv
î

819 
sudo


821 ≠
t


823 
g
ë

825 ö°Æ
l


829 ˚π
ifi
ˇã
s


831 
cu
æ

833 ›í
ssh


835 £
rv
î

839 
cd


843 
ls


847 
cd


849 ™
droid


853 
ls


857 
lunch


861 
make


863 
j8


867 
make


869 
j8


871 
log


873 
txt


877 
ls


881 
vim


883 
log


885 
txt


889 
sudo


891 ≠
t


893 
g
ë

895 ö°Æ
l


897 
vim


901 
vim


903 
log


905 
txt


909 
sudo


911 ≠
t


913 
g
ë

915 ö°Æ
l


917 
vim


921 
make


923 
j8


925 
log


927 
txt


931 
vim


933 
log


935 
txt


939 
sudo


941 ≠
t


943 
g
ë

945 ö°Æ
l


947 
libbz2


949 
dev


953 
make


955 
j8


959 
pyth
⁄

961 
V


965 
u
§

967 
b
ö

969 
pyth
⁄

971 
c


975 
echo


977 
$PATH


981 
make


983 
j8


987 
ls


991 
make


993 
j8


997 
sour
˚

999 
bu
û
d


1001 í
v
£
tup


1003 
sh


1007 
lunch


1011 
make


1013 
j8


1017 
LS


1021 
ls


1025 
cd


1027 
bu
û
d


1031 
ls


1035 
cd


1039 
ls


1043 
cd


1045 
out


1049 
ls


1053 
cd


1055 è
rg
ë

1059 
ls


1063 
cd


1065 ¥
odu
˘

1069 
ls


1073 
cd


1075 
msm8909_512


1079 
ls


1083 
ifc
⁄
fig


1087 
ls


1089 ø
dio


1091 
img


1095 
ls


1099 
cd


1103 
ls


1107 
cd


1111 
cd


1115 
ls


1119 
cd


1121 
LINUX


1123 ™
droid


1127 
ls


1131 
cd


1133 
out


1137 
ls


1141 
cd


1143 è
rg
ë

1147 
ls


1151 
cd


1153 ¥
odu
˘

1157 
ls


1161 
cd


1163 
msm8909_512


1167 
ls


1171 
cd


1175 
ls


1179 
cd


1183 
g
ª
p


1185 
r


1189 
ls


1193 
cd


1197 
ls


1201 
vim


1203 ∑
ck_
Æ
l_sign


1205 
sh


1209 
ls


1213 
cd


1217 
ls


1221 
ssh


1223 £
ss
ôø

1227 
hi
°‹
y


1231 
hi
°‹
y


1233 
comm
™
d


1235 
txt


1241 
gg
ô

1245 
gARM_Comp
ûî
_5


1249 
gHEXAGON_To
ﬁ
s


1253 
ggcc


1255 
gl
ö¨
o


1257 
g
Ø
rch64


1259 
gn
⁄
e


1261 
g
ñ
f


1263 
g_l
ö
ux


1267 
ggcc


1269 
gl
ö¨
o


1271 
g
¨
m


1273 
gl
ö
ux


1275 
ggnu
ó
bihf


1277 
g_l
ö
ux


1281 
g
Œ
vm


1285 
gqu
Æ
to
ﬁ
s


1287 
gsh


1291 
gswp


1298 /
u§
/
ö˛ude


1301 
comm™d
.
txt


	@~

10 .
	ggô
/

11 
	gARM_Compûî_5
/

12 
	gHEXAGON_Toﬁs
/

13 
	ggcc
-
	glö¨o
-
	gØrch64
-
	gn⁄e
-
	gñf
-4.9-2014.07
	g_löux
/

14 
	ggcc
-
	glö¨o
-
	g¨m
-
	glöux
-
	ggnuóbihf
-4.8-2014.02
	g_löux
/

15 
	gŒvm
/

16 
	gquÆtoﬁs
.
	gsh
*

17 .
	gswp


	@
1
.
1
/usr/include
3
25
command.txt
cscope.out
~
